[    0.000000] Initializing cgroup subsys cpuset
[    0.000000] Initializing cgroup subsys cpu
[    0.000000] Initializing cgroup subsys cpuacct
[    0.000000] Linux version 4.4.0-78-generic (buildd@lgw01-11) (gcc version 5.4.0 20160609 (Ubuntu 5.4.0-6ubuntu1~16.04.4) ) #99-Ubuntu SMP Thu Apr 27 15:29:09 UTC 2017 (Ubuntu 4.4.0-78.99-generic 4.4.62)
[    0.000000] Command line: BOOT_IMAGE=/boot/vmlinuz-4.4.0-78-generic root=LABEL=cloudimg-rootfs ro console=tty1 console=ttyS0
[    0.000000] KERNEL supported cpus:
[    0.000000]   Intel GenuineIntel
[    0.000000]   AMD AuthenticAMD
[    0.000000]   Centaur CentaurHauls
[    0.000000] x86/fpu: xstate_offset[2]:  576, xstate_sizes[2]:  256
[    0.000000] x86/fpu: Supporting XSAVE feature 0x01: 'x87 floating point registers'
[    0.000000] x86/fpu: Supporting XSAVE feature 0x02: 'SSE registers'
[    0.000000] x86/fpu: Supporting XSAVE feature 0x04: 'AVX registers'
[    0.000000] x86/fpu: Enabled xstate features 0x7, context size is 832 bytes, using 'standard' format.
[    0.000000] x86/fpu: Using 'lazy' FPU context switches.
[    0.000000] e820: BIOS-provided physical RAM map:
[    0.000000] BIOS-e820: [mem 0x0000000000000000-0x000000000009fbff] usable
[    0.000000] BIOS-e820: [mem 0x000000000009fc00-0x000000000009ffff] reserved
[    0.000000] BIOS-e820: [mem 0x00000000000f0000-0x00000000000fffff] reserved
[    0.000000] BIOS-e820: [mem 0x0000000000100000-0x00000000dffeffff] usable
[    0.000000] BIOS-e820: [mem 0x00000000dfff0000-0x00000000dfffffff] ACPI data
[    0.000000] BIOS-e820: [mem 0x00000000fec00000-0x00000000fec00fff] reserved
[    0.000000] BIOS-e820: [mem 0x00000000fee00000-0x00000000fee00fff] reserved
[    0.000000] BIOS-e820: [mem 0x00000000fffc0000-0x00000000ffffffff] reserved
[    0.000000] BIOS-e820: [mem 0x0000000100000000-0x000000011fffffff] usable
[    0.000000] NX (Execute Disable) protection: active
[    0.000000] SMBIOS 2.5 present.
[    0.000000] Hypervisor detected: KVM
[    0.000000] e820: last_pfn = 0x120000 max_arch_pfn = 0x400000000
[    0.000000] MTRR: Disabled
[    0.000000] x86/PAT: MTRRs disabled, skipping PAT initialization too.
[    0.000000] x86/PAT: Configuration [0-7]: WB  WT  UC- UC  WB  WT  UC- UC  
[    0.000000] CPU MTRRs all blank - virtualized system.
[    0.000000] e820: last_pfn = 0xdfff0 max_arch_pfn = 0x400000000
[    0.000000] found SMP MP-table at [mem 0x0009fff0-0x0009ffff] mapped at [ffff88000009fff0]
[    0.000000] Scanning 1 areas for low memory corruption
[    0.000000] RAMDISK: [mem 0x36ac2000-0x37558fff]
[    0.000000] ACPI: Early table checksum verification disabled
[    0.000000] ACPI: RSDP 0x00000000000E0000 000024 (v02 VBOX  )
[    0.000000] ACPI: XSDT 0x00000000DFFF0030 00003C (v01 VBOX   VBOXXSDT 00000001 ASL  00000061)
[    0.000000] ACPI: FACP 0x00000000DFFF00F0 0000F4 (v04 VBOX   VBOXFACP 00000001 ASL  00000061)
[    0.000000] ACPI: DSDT 0x00000000DFFF0470 0021C8 (v02 VBOX   VBOXBIOS 00000002 INTL 20100528)
[    0.000000] ACPI: FACS 0x00000000DFFF0200 000040
[    0.000000] ACPI: FACS 0x00000000DFFF0200 000040
[    0.000000] ACPI: APIC 0x00000000DFFF0240 00005C (v02 VBOX   VBOXAPIC 00000001 ASL  00000061)
[    0.000000] ACPI: SSDT 0x00000000DFFF02A0 0001CC (v01 VBOX   VBOXCPUT 00000002 INTL 20100528)
[    0.000000] No NUMA configuration found
[    0.000000] Faking a node at [mem 0x0000000000000000-0x000000011fffffff]
[    0.000000] NODE_DATA(0) allocated [mem 0x11fff7000-0x11fffbfff]
[    0.000000] kvm-clock: Using msrs 4b564d01 and 4b564d00
[    0.000000] kvm-clock: cpu 0, msr 1:1ffef001, primary cpu clock
[    0.000000] kvm-clock: using sched offset of 3309978742 cycles
[    0.000000] clocksource: kvm-clock: mask: 0xffffffffffffffff max_cycles: 0x1cd42e4dffb, max_idle_ns: 881590591483 ns
[    0.000000] Zone ranges:
[    0.000000]   DMA      [mem 0x0000000000001000-0x0000000000ffffff]
[    0.000000]   DMA32    [mem 0x0000000001000000-0x00000000ffffffff]
[    0.000000]   Normal   [mem 0x0000000100000000-0x000000011fffffff]
[    0.000000]   Device   empty
[    0.000000] Movable zone start for each node
[    0.000000] Early memory node ranges
[    0.000000]   node   0: [mem 0x0000000000001000-0x000000000009efff]
[    0.000000]   node   0: [mem 0x0000000000100000-0x00000000dffeffff]
[    0.000000]   node   0: [mem 0x0000000100000000-0x000000011fffffff]
[    0.000000] Initmem setup node 0 [mem 0x0000000000001000-0x000000011fffffff]
[    0.000000] ACPI: PM-Timer IO Port: 0x4008
[    0.000000] IOAPIC[0]: apic_id 2, version 32, address 0xfec00000, GSI 0-23
[    0.000000] ACPI: INT_SRC_OVR (bus 0 bus_irq 0 global_irq 2 dfl dfl)
[    0.000000] ACPI: INT_SRC_OVR (bus 0 bus_irq 9 global_irq 9 high level)
[    0.000000] Using ACPI (MADT) for SMP configuration information
[    0.000000] smpboot: Allowing 2 CPUs, 0 hotplug CPUs
[    0.000000] PM: Registered nosave memory: [mem 0x00000000-0x00000fff]
[    0.000000] PM: Registered nosave memory: [mem 0x0009f000-0x0009ffff]
[    0.000000] PM: Registered nosave memory: [mem 0x000a0000-0x000effff]
[    0.000000] PM: Registered nosave memory: [mem 0x000f0000-0x000fffff]
[    0.000000] PM: Registered nosave memory: [mem 0xdfff0000-0xdfffffff]
[    0.000000] PM: Registered nosave memory: [mem 0xe0000000-0xfebfffff]
[    0.000000] PM: Registered nosave memory: [mem 0xfec00000-0xfec00fff]
[    0.000000] PM: Registered nosave memory: [mem 0xfec01000-0xfedfffff]
[    0.000000] PM: Registered nosave memory: [mem 0xfee00000-0xfee00fff]
[    0.000000] PM: Registered nosave memory: [mem 0xfee01000-0xfffbffff]
[    0.000000] PM: Registered nosave memory: [mem 0xfffc0000-0xffffffff]
[    0.000000] e820: [mem 0xe0000000-0xfebfffff] available for PCI devices
[    0.000000] Booting paravirtualized kernel on KVM
[    0.000000] clocksource: refined-jiffies: mask: 0xffffffff max_cycles: 0xffffffff, max_idle_ns: 7645519600211568 ns
[    0.000000] setup_percpu: NR_CPUS:512 nr_cpumask_bits:512 nr_cpu_ids:2 nr_node_ids:1
[    0.000000] PERCPU: Embedded 33 pages/cpu @ffff88011fc00000 s98264 r8192 d28712 u1048576
[    0.000000] PV qspinlock hash table entries: 256 (order: 0, 4096 bytes)
[    0.000000] Built 1 zonelists in Node order, mobility grouping on.  Total pages: 1032057
[    0.000000] Policy zone: Normal
[    0.000000] Kernel command line: BOOT_IMAGE=/boot/vmlinuz-4.4.0-78-generic root=LABEL=cloudimg-rootfs ro console=tty1 console=ttyS0
[    0.000000] PID hash table entries: 4096 (order: 3, 32768 bytes)
[    0.000000] Memory: 4032248K/4193848K available (8469K kernel code, 1294K rwdata, 3984K rodata, 1484K init, 1316K bss, 161600K reserved, 0K cma-reserved)
[    0.000000] SLUB: HWalign=64, Order=0-3, MinObjects=0, CPUs=2, Nodes=1
[    0.000000] Hierarchical RCU implementation.
[    0.000000] 	Build-time adjustment of leaf fanout to 64.
[    0.000000] 	RCU restricting CPUs from NR_CPUS=512 to nr_cpu_ids=2.
[    0.000000] RCU: Adjusting geometry for rcu_fanout_leaf=64, nr_cpu_ids=2
[    0.000000] NR_IRQS:33024 nr_irqs:440 16
[    0.000000] Console: colour VGA+ 80x25
[    0.000000] console [tty1] enabled
[    0.000000] console [ttyS0] enabled
[    0.000000] tsc: Detected 3497.972 MHz processor
[    3.282784] Calibrating delay loop (skipped) preset value.. 6995.94 BogoMIPS (lpj=13991888)
[    3.295210] pid_max: default: 32768 minimum: 301
[    3.331619] ACPI: Core revision 20150930
[    3.375448] ACPI: 2 ACPI AML tables successfully acquired and loaded
[    3.443118] Security Framework initialized
[    3.491280] Yama: becoming mindful.
[    3.541099] AppArmor: AppArmor initialized
[    3.593906] Dentry cache hash table entries: 524288 (order: 10, 4194304 bytes)
[    3.693420] Inode-cache hash table entries: 262144 (order: 9, 2097152 bytes)
[    3.779037] Mount-cache hash table entries: 8192 (order: 4, 65536 bytes)
[    3.781042] Mountpoint-cache hash table entries: 8192 (order: 4, 65536 bytes)
[    3.782020] Initializing cgroup subsys io
[    3.787129] Initializing cgroup subsys memory
[    3.787765] Initializing cgroup subsys devices
[    3.837220] Initializing cgroup subsys freezer
[    3.873352] Initializing cgroup subsys net_cls
[    3.928329] Initializing cgroup subsys perf_event
[    3.929021] Initializing cgroup subsys net_prio
[    3.943590] Initializing cgroup subsys hugetlb
[    3.944287] Initializing cgroup subsys pids
[    3.944982] CPU: Physical Processor ID: 0
[    3.945554] CPU: Processor Core ID: 0
[    3.946818] mce: CPU supports 0 MCE banks
[    3.947427] Last level iTLB entries: 4KB 1024, 2MB 1024, 4MB 1024
[    4.014630] Last level dTLB entries: 4KB 1024, 2MB 1024, 4MB 1024, 1GB 4
[    4.079121] Freeing SMP alternatives memory: 32K (ffffffff820b8000 - ffffffff820c0000)
[    4.110868] ftrace: allocating 32120 entries in 126 pages
[    4.152994] smpboot: APIC(0) Converting physical 0 to logical package 0
[    4.174052] smpboot: Max logical packages: 1
[    4.174996] x2apic enabled
[    4.180962] Switched APIC routing to physical x2apic.
[    4.182541] ..TIMER: vector=0x30 apic1=0 pin1=2 apic2=-1 pin2=-1
[    4.330631] smpboot: CPU0: Intel(R) Core(TM) i7-4770K CPU @ 3.50GHz (family: 0x6, model: 0x3c, stepping: 0x3)
[    4.383892] Performance Events: unsupported p6 CPU model 60 no PMU driver, software events only.
[    4.391189] KVM setup paravirtual spinlock
[    4.395626] x86: Booting SMP configuration:
[    4.430667] .... node  #0, CPUs:      #1
[    4.477605] kvm-clock: cpu 1, msr 1:1ffef041, secondary cpu clock
[    4.497174] mce: CPU supports 0 MCE banks
[    4.504384] x86: Booted up 1 node, 2 CPUs
[    4.529453] smpboot: Total of 2 processors activated (13991.88 BogoMIPS)
[    4.530670] devtmpfs: initialized
[    4.550463] evm: security.selinux
[    4.585269] evm: security.SMACK64
[    4.601610] evm: security.SMACK64EXEC
[    4.659105] evm: security.SMACK64TRANSMUTE
[    4.753615] evm: security.SMACK64MMAP
[    4.819150] evm: security.ima
[    4.819621] evm: security.capability
[    4.831812] clocksource: jiffies: mask: 0xffffffff max_cycles: 0xffffffff, max_idle_ns: 7645041785100000 ns
[    4.833076] futex hash table entries: 512 (order: 3, 32768 bytes)
[    4.833975] pinctrl core: initialized pinctrl subsystem
[    4.834779] RTC time:  3:14:09, date: 06/02/17
[    4.895971] NET: Registered protocol family 16
[    4.946553] cpuidle: using governor ladder
[    4.982790] cpuidle: using governor menu
[    5.073301] PCCT header not found.
[    5.130348] ACPI: bus type PCI registered
[    5.176597] acpiphp: ACPI Hot Plug PCI Controller Driver version: 0.5
[    5.223175] PCI: Using configuration type 1 for base access
[    5.240238] ACPI: Added _OSI(Module Device)
[    5.289478] ACPI: Added _OSI(Processor Device)
[    5.301945] ACPI: Added _OSI(3.0 _SCP Extensions)
[    5.392155] ACPI: Added _OSI(Processor Aggregator Device)
[    5.481791] ACPI: Executed 1 blocks of module-level executable AML code
[    5.523914] ACPI: Interpreter enabled
[    5.549786] ACPI: (supports S0 S5)
[    5.618518] ACPI: Using IOAPIC for interrupt routing
[    5.668158] PCI: Using host bridge windows from ACPI; if necessary, use "pci=nocrs" and report a bug
[    5.733572] ACPI: PCI Root Bridge [PCI0] (domain 0000 [bus 00-ff])
[    5.801844] acpi PNP0A03:00: _OSC: OS supports [ASPM ClockPM Segments MSI]
[    5.854074] acpi PNP0A03:00: _OSC failed (AE_NOT_FOUND); disabling ASPM
[    5.918006] acpi PNP0A03:00: fail to add MMCONFIG information, can't access extended PCI configuration space under this bridge.
[    6.057735] PCI host bridge to bus 0000:00
[    6.067308] pci_bus 0000:00: root bus resource [io  0x0000-0x0cf7 window]
[    6.164792] pci_bus 0000:00: root bus resource [io  0x0d00-0xffff window]
[    6.207563] pci_bus 0000:00: root bus resource [mem 0x000a0000-0x000bffff window]
[    6.216030] pci_bus 0000:00: root bus resource [mem 0xe0000000-0xffdfffff window]
[    6.269622] pci_bus 0000:00: root bus resource [bus 00-ff]
[    6.271633] pci 0000:00:01.1: legacy IDE quirk: reg 0x10: [io  0x01f0-0x01f7]
[    6.272480] pci 0000:00:01.1: legacy IDE quirk: reg 0x14: [io  0x03f6]
[    6.273294] pci 0000:00:01.1: legacy IDE quirk: reg 0x18: [io  0x0170-0x0177]
[    6.302738] pci 0000:00:01.1: legacy IDE quirk: reg 0x1c: [io  0x0376]
[    6.356204] pci 0000:00:07.0: quirk: [io  0x4000-0x403f] claimed by PIIX4 ACPI
[    6.459747] pci 0000:00:07.0: quirk: [io  0x4100-0x410f] claimed by PIIX4 SMB
[    6.621345] ACPI: PCI Interrupt Link [LNKA] (IRQs 5 9 10 *11)
[    6.697478] ACPI: PCI Interrupt Link [LNKB] (IRQs 5 9 10 *11)
[    6.807373] ACPI: PCI Interrupt Link [LNKC] (IRQs 5 9 *10 11)
[    6.901075] ACPI: PCI Interrupt Link [LNKD] (IRQs 5 *9 10 11)
[    6.902237] ACPI: Enabled 2 GPEs in block 00 to 07
[    6.935415] vgaarb: setting as boot device: PCI:0000:00:02.0
[    7.038807] vgaarb: device added: PCI:0000:00:02.0,decodes=io+mem,owns=io+mem,locks=none
[    7.095124] vgaarb: loaded
[    7.095880] vgaarb: bridge control possible 0000:00:02.0
[    7.097314] SCSI subsystem initialized
[    7.098362] ACPI: bus type USB registered
[    7.099015] usbcore: registered new interface driver usbfs
[    7.188492] usbcore: registered new interface driver hub
[    7.261120] usbcore: registered new device driver usb
[    7.312446] PCI: Using ACPI for IRQ routing
[    7.374175] NetLabel: Initializing
[    7.411350] NetLabel:  domain hash size = 128
[    7.411970] NetLabel:  protocols = UNLABELED CIPSOv4
[    7.412665] NetLabel:  unlabeled traffic allowed by default
[    7.493615] amd_nb: Cannot enumerate AMD northbridges
[    7.502439] clocksource: Switched to clocksource kvm-clock
[    7.589197] AppArmor: AppArmor Filesystem Enabled
[    7.655792] pnp: PnP ACPI init
[    7.726504] pnp: PnP ACPI: found 3 devices
[    7.826596] clocksource: acpi_pm: mask: 0xffffff max_cycles: 0xffffff, max_idle_ns: 2085701024 ns
[    8.049074] NET: Registered protocol family 2
[    8.064529] TCP established hash table entries: 32768 (order: 6, 262144 bytes)
[    8.066105] TCP bind hash table entries: 32768 (order: 7, 524288 bytes)
[    8.071640] TCP: Hash tables configured (established 32768 bind 32768)
[    8.167706] UDP hash table entries: 2048 (order: 4, 65536 bytes)
[    8.168461] UDP-Lite hash table entries: 2048 (order: 4, 65536 bytes)
[    8.269737] NET: Registered protocol family 1
[    8.326651] pci 0000:00:00.0: Limiting direct PCI/PCI transfers
[    8.402416] pci 0000:00:01.0: Activating ISA DMA hang workarounds
[    8.502151] Unpacking initramfs...
[   10.075884] Freeing initrd memory: 10844K (ffff880036ac2000 - ffff880037559000)
[   10.117378] PCI-DMA: Using software bounce buffering for IO (SWIOTLB)
[   10.118185] software IO TLB [mem 0xdbff0000-0xdfff0000] (64MB) mapped at [ffff8800dbff0000-ffff8800dffeffff]
[   10.133491] RAPL PMU detected, API unit is 2^-32 Joules, 4 fixed counters 10737418240 ms ovfl timer
[   10.163019] hw unit of domain pp0-core 2^-0 Joules
[   10.189563] hw unit of domain package 2^-0 Joules
[   10.233787] hw unit of domain dram 2^-0 Joules
[   10.255968] hw unit of domain pp1-gpu 2^-0 Joules
[   10.258230] platform rtc_cmos: registered platform RTC device (no PNP device found)
[   10.259360] Scanning for low memory corruption every 60 seconds
[   10.262717] audit: initializing netlink subsys (disabled)
[   10.266383] audit: type=2000 audit(1496373252.511:1): initialized
[   10.339736] Initialise system trusted keyring
[   10.381204] HugeTLB registered 2 MB page size, pre-allocated 0 pages
[   10.422740] zbud: loaded
[   10.472930] VFS: Disk quotas dquot_6.6.0
[   10.559946] VFS: Dquot-cache hash table entries: 512 (order 0, 4096 bytes)
[   10.695762] squashfs: version 4.0 (2009/01/31) Phillip Lougher
[   10.819311] fuse init (API version 7.23)
[   10.820168] Key type big_key registered
[   10.820755] Allocating IMA MOK and blacklist keyrings.
[   10.873126] Key type asymmetric registered
[   10.920023] Asymmetric key parser 'x509' registered
[   10.987036] Block layer SCSI generic (bsg) driver version 0.4 loaded (major 249)
[   11.090991] io scheduler noop registered
[   11.151440] io scheduler deadline registered (default)
[   11.254974] tsc: Refined TSC clocksource calibration: 3496.384 MHz
[   11.254976] clocksource: tsc: mask: 0xffffffffffffffff max_cycles: 0x3265f8d535e, max_idle_ns: 440795254199 ns
[   11.482662] io scheduler cfq registered
[   11.492536] pci_hotplug: PCI Hot Plug PCI Core version: 0.5
[   11.493270] pciehp: PCI Express Hot Plug Controller Driver version: 0.4
[   11.494213] ACPI: AC Adapter [AC] (on-line)
[   11.494905] input: Power Button as /devices/LNXSYSTM:00/LNXPWRBN:00/input/input0
[   11.652602] ACPI: Power Button [PWRF]
[   11.749157] input: Sleep Button as /devices/LNXSYSTM:00/LNXSLPBN:00/input/input1
[   11.923528] ACPI: Sleep Button [SLPF]
[   12.005305] GHES: HEST is not enabled!
[   12.041848] Serial: 8250/16550 driver, 32 ports, IRQ sharing enabled
[   12.130787] 00:02: ttyS0 at I/O 0x3f8 (irq = 4, base_baud = 115200) is a 16550A
[   12.139945] Linux agpgart interface v0.103
[   12.166945] loop: module loaded
[   12.183996] scsi host0: ata_piix
[   12.256535] scsi host1: ata_piix
[   12.324050] ata1: PATA max UDMA/33 cmd 0x1f0 ctl 0x3f6 bmdma 0xd000 irq 14
[   12.436061] ata2: PATA max UDMA/33 cmd 0x170 ctl 0x376 bmdma 0xd008 irq 15
[   12.547101] libphy: Fixed MDIO Bus: probed
[   12.604102] tun: Universal TUN/TAP device driver, 1.6
[   12.704608] tun: (C) 1999-2004 Max Krasnyansky <maxk@qualcomm.com>
[   12.799569] PPP generic driver version 2.4.2
[   12.854422] ehci_hcd: USB 2.0 'Enhanced' Host Controller (EHCI) Driver
[   12.856791] ehci-pci: EHCI PCI platform driver
[   12.892470] ehci-platform: EHCI generic platform driver
[   12.978488] ohci_hcd: USB 1.1 'Open' Host Controller (OHCI) Driver
[   12.986947] ohci-pci: OHCI PCI platform driver
[   12.987595] ohci-platform: OHCI generic platform driver
[   12.988308] uhci_hcd: USB Universal Host Controller Interface driver
[   12.990692] i8042: PNP: PS/2 Controller [PNP0303:PS2K,PNP0f03:PS2M] at 0x60,0x64 irq 1,12
[   13.032461] serio: i8042 KBD port at 0x60,0x64 irq 1
[   13.082694] serio: i8042 AUX port at 0x60,0x64 irq 12
[   13.083483] mousedev: PS/2 mouse device common for all mice
[   13.205851] rtc_cmos rtc_cmos: rtc core: registered rtc_cmos as rtc0
[   13.260448] input: AT Translated Set 2 keyboard as /devices/platform/i8042/serio0/input/input2
[   13.304705] rtc_cmos rtc_cmos: alarms up to one day, 114 bytes nvram
[   13.305569] i2c /dev entries driver
[   13.307239] device-mapper: uevent: version 1.0.3
[   13.307921] device-mapper: ioctl: 4.34.0-ioctl (2015-10-28) initialised: dm-devel@redhat.com
[   13.318798] ledtrig-cpu: registered to indicate activity on CPUs
[   13.320100] NET: Registered protocol family 10
[   13.382567] NET: Registered protocol family 17
[   13.384630] Key type dns_resolver registered
[   13.390787] microcode: CPU0 sig=0x306c3, pf=0x40, revision=0x0
[   13.429466] microcode: CPU1 sig=0x306c3, pf=0x40, revision=0x0
[   13.437448] microcode: Microcode Update Driver: v2.01 <tigran@aivazian.fsnet.co.uk>, Peter Oruba
[   13.438766] registered taskstats version 1
[   13.439368] Loading compiled-in X.509 certificates
[   13.522122] Loaded X.509 cert 'Build time autogenerated kernel key: 779fd75203f0d36b99b83c7328fac831ec7adf9e'
[   13.523551] zswap: loaded using pool lzo/zbud
[   13.532841] Key type trusted registered
[   13.572110] Key type encrypted registered
[   13.575603] AppArmor: AppArmor sha1 policy hashing enabled
[   13.586607] ima: No TPM chip found, activating TPM-bypass!
[   13.591078] evm: HMAC attrs: 0x1
[   13.644550]   Magic number: 5:631:208
[   13.708950] vc vcsa: hash matches
[   13.751079] pci 0000:00:08.0: hash matches
[   13.759150] rtc_cmos rtc_cmos: setting system clock to 2017-06-02 03:14:18 UTC (1496373258)
[   13.813387] BIOS EDD facility v0.16 2004-Jun-25, 0 devices found
[   13.814159] EDD information not available.
[   13.815921] Freeing unused kernel memory: 1484K (ffffffff81f45000 - ffffffff820b8000)
[   13.826348] Write protecting the kernel read-only data: 14336k
[   13.827545] Freeing unused kernel memory: 1760K (ffff880001848000 - ffff880001a00000)
[   13.959501] Freeing unused kernel memory: 112K (ffff880001de4000 - ffff880001e00000)
Loading, please wait...
starting version[   13.994050] random: systemd-udevd: uninitialized urandom read (16 bytes read, 2 bits of entropy available)
 229
[   13.994621] random: udevadm: uninitialized urandom read (16 bytes read, 2 bits of entropy available)
[   13.994649] random: udevadm: uninitialized urandom read (16 bytes read, 2 bits of entropy available)
[   13.994732] random: udevadm: uninitialized urandom read (16 bytes read, 2 bits of entropy available)
[   13.994761] random: udevadm: uninitialized urandom read (16 bytes read, 2 bits of entropy available)
[   13.994788] random: udevadm: uninitialized urandom read (16 bytes read, 2 bits of entropy available)
[   13.994817] random: udevadm: uninitialized urandom read (16 bytes read, 2 bits of entropy available)
[   13.994850] random: udevadm: uninitialized urandom read (16 bytes read, 2 bits of entropy available)
[   13.994876] random: udevadm: uninitialized urandom read (16 bytes read, 2 bits of entropy available)
[   13.994903] random: udevadm: uninitialized urandom read (16 bytes read, 2 bits of entropy available)
[   14.326130] e1000: Intel(R) PRO/1000 Network Driver - version 7.3.21-k8-NAPI
[   14.380829] e1000: Copyright (c) 1999-2006 Intel Corporation.
[   14.408202] AVX version of gcm_enc/dec engaged.
[   14.412117] Fusion MPT base driver 3.04.20
[   14.412118] Copyright (c) 1999-2008 LSI Corporation
[   14.465732] AES CTR mode by8 optimization enabled
[   14.501168] Fusion MPT SPI Host driver 3.04.20
[   14.597515] input: ImExPS/2 Generic Explorer Mouse as /devices/platform/i8042/serio1/input/input4
[   14.860483] e1000 0000:00:03.0 eth0: (PCI:33MHz:32-bit) 02:07:98:91:28:34
[   14.964694] e1000 0000:00:03.0 eth0: Intel(R) PRO/1000 Network Connection
[   15.390088] e1000 0000:00:08.0 eth1: (PCI:33MHz:32-bit) 08:00:27:3d:40:05
[   15.405609] e1000 0000:00:08.0 eth1: Intel(R) PRO/1000 Network Connection
[   15.412618] e1000 0000:00:08.0 enp0s8: renamed from eth1
[   15.438011] mptbase: ioc0: Initiating bringup
[   15.515115] e1000 0000:00:03.0 enp0s3: renamed from eth0
[   15.574664] ioc0: LSI53C1030 A0: Capabilities={Initiator}
[   15.820198] scsi host2: ioc0: LSI53C1030 A0, FwRev=00000000h, Ports=1, MaxQ=256, IRQ=20
[   15.987054] scsi 2:0:0:0: Direct-Access     VBOX     HARDDISK         1.0  PQ: 0 ANSI: 5
[   16.103371] scsi target2:0:0: Beginning Domain Validation
[   16.104570] scsi target2:0:0: Domain Validation skipping write tests
[   16.105352] scsi target2:0:0: Ending Domain Validation
[   16.171858] scsi target2:0:0: asynchronous
[   16.275876] scsi 2:0:1:0: Direct-Access     VBOX     HARDDISK         1.0  PQ: 0 ANSI: 5
[   16.458967] scsi target2:0:1: Beginning Domain Validation
[   16.486265] scsi target2:0:1: Domain Validation skipping write tests
[   16.595474] scsi target2:0:1: Ending Domain Validation
[   16.703687] scsi target2:0:1: asynchronous
[   16.776881] sd 2:0:0:0: Attached scsi generic sg0 type 0
[   16.885058] sd 2:0:0:0: [sda] 20971520 512-byte logical blocks: (10.7 GB/10.0 GiB)
[   16.898860] sd 2:0:1:0: Attached scsi generic sg1 type 0
[   17.030372] sd 2:0:1:0: [sdb] 20480 512-byte logical blocks: (10.5 MB/10.0 MiB)
[   17.030415] sd 2:0:0:0: [sda] Write Protect is off
[   17.030682] sd 2:0:0:0: [sda] Incomplete mode parameter data
[   17.030684] sd 2:0:0:0: [sda] Assuming drive cache: write through
[   17.064146] sd 2:0:1:0: [sdb] Write Protect is off
[   17.064593]  sda: sda1
[   17.065728] sd 2:0:1:0: [sdb] Incomplete mode parameter data
[   17.065897] sd 2:0:0:0: [sda] Attached SCSI disk
[   17.082462] sd 2:0:1:0: [sdb] Assuming drive cache: write through
[   17.086082] sd 2:0:1:0: [sdb] Attached SCSI disk
[   17.390954] floppy0: no floppy controllers found
Begin: Loading e[   18.721210] md: linear personality registered for level -1
ssential drivers ... [   18.725591] md: multipath personality registered for level -4
[   18.849839] md: raid0 personality registered for level 0
[   18.923463] md: raid1 personality registered for level 1
[   19.010549] raid6: sse2x1   gen() 10919 MB/s
[   19.086663] raid6: sse2x1   xor()  8397 MB/s
[   19.214865] raid6: sse2x2   gen() 13882 MB/s
[   19.314490] raid6: sse2x2   xor()  9176 MB/s
[   19.450814] raid6: sse2x4   gen() 14257 MB/s
[   19.578570] raid6: sse2x4   xor() 10825 MB/s
[   19.591177] raid6: using algorithm sse2x4 gen() 14257 MB/s
[   19.591903] raid6: .... xor() 10825 MB/s, rmw enabled
[   19.611020] raid6: using ssse3x2 recovery algorithm
[   19.612544] xor: automatically using best checksumming function:
[   19.650674]    avx       : 28304.000 MB/sec
[   19.731251] async_tx: api initialized (async)
[   19.818000] md: raid6 personality registered for level 6
[   19.874534] md: raid5 personality registered for level 5
[   19.940479] md: raid4 personality registered for level 4
[   19.999128] md: raid10 personality registered for level 10
done.
Begin: Running /scripts/init-premount ... done.
Begin: Mounting root file system ... Begin: Running /scripts/local-top ... done.
Begin: Running /scripts/local-premount ... [   20.082409] Btrfs loaded
Scanning for Btrfs filesystems
done.
Warning: fsck no[   20.112092] EXT4-fs (sda1): mounted filesystem with ordered data mode. Opts: (null)
t present, so skipping root file system
done.
Begin: Running /scripts/local-bottom ... done.
Begin: Running /scripts/init-bottom ... done.
[   20.260392] systemd[1]: systemd 229 running in system mode. (+PAM +AUDIT +SELINUX +IMA +APPARMOR +SMACK +SYSVINIT +UTMP +LIBCRYPTSETUP +GCRYPT +GNUTLS +ACL +XZ -LZ4 +SECCOMP +BLKID +ELFUTILS +KMOD -IDN)
[   20.393573] systemd[1]: Detected virtualization oracle.
[   20.423169] systemd[1]: Detected architecture x86-64.

Welcome to [1mUbuntu 16.04.2 LTS[0m!

[   20.430146] systemd[1]: Set hostname to <ubuntu>.
[   20.432409] systemd[1]: Initializing machine ID from random generator.
[   20.459951] systemd[1]: Installed transient /etc/machine-id file.
[   20.586863] systemd[1]: Listening on LVM2 metadata daemon socket.
[[0;32m  OK  [0m] Listening on LVM2 metadata daemon socket.
[   20.674623] systemd[1]: Listening on Syslog Socket.
[[0;32m  OK  [0m] Listening on Syslog Socket.
[   20.691474] systemd[1]: Listening on /dev/initctl Compatibility Named Pipe.
[[0;32m  OK  [0m] Listening on /dev/initctl Compatibility Named Pipe.
[   20.693454] systemd[1]: Created slice User and Session Slice.
[[0;32m  OK  [0m] Created slice User and Session Slice.
[   20.701721] systemd[1]: Reached target Swap.
[[0;32m  OK  [0m] Reached target Swap.
[   20.703067] systemd[1]: Started Forward Password Requests to Wall Directory Watch.
[[0;32m  OK  [0m] Started Forward Password Requests to Wall Directory Watch.
[   20.762924] systemd[1]: Listening on Journal Socket.
[[0;32m  OK  [0m] Listening on Journal Socket.
[   20.871284] systemd[1]: Listening on Device-mapper event daemon FIFOs.
[[0;32m  OK  [0m] Listening on Device-mapper event daemon FIFOs.
[   21.007243] systemd[1]: Created slice System Slice.
[[0;32m  OK  [0m] Created slice System Slice.
[   21.151025] systemd[1]: Starting Load Kernel Modules...
[   21.215599] Loading iSCSI transport class v2.0-870.
         Startin[   21.313997] iscsi: registered transport (tcp)
g Load Kernel Modules...
[   21.441305] iscsi: registered transport (iser)
[   21.463186] systemd[1]: Created slice system-serial\x2dgetty.slice.
[[0;32m  OK  [0m] Created slice system-serial\x2dgetty.slice.
[   21.510997] systemd[1]: Starting Set console keymap...
         Starting Set console keymap...
[   21.595747] systemd[1]: Starting Uncomplicated firewall...
         Starting Uncomplicated firewall...
[   21.599820] systemd[1]: Mounting Debug File System...
         Mounting Debug File System...
[   21.603716] systemd[1]: Started Trigger resolvconf update for networkd DNS.
[[0;32m  OK  [0m] Started Trigger resolvconf update for networkd DNS.
[   21.673600] systemd[1]: Listening on Journal Audit Socket.
[[0;32m  OK  [0m] Listening on Journal Audit Socket.
[   21.675101] systemd[1]: Reached target Encrypted Volumes.
[[0;32m  OK  [0m] Reached target Encrypted Volumes.
[   21.747251] systemd[1]: Reached target User and Group Name Lookups.
[[0;32m  OK  [0m] Reached target User and Group Name Lookups.
[   21.812901] systemd[1]: Reached target Slices.
[[0;32m  OK  [0m] Reached target Slices.
[   21.826730] systemd[1]: Starting Create list of required static device nodes for the current kernel...
         Starting Create list of required st... nodes for the current kernel...
[   21.929875] systemd[1]: Listening on udev Kernel Socket.
[[0;32m  OK  [0m] Listening on udev Kernel Socket.
[   21.931675] systemd[1]: Starting Monitoring of LVM2 mirrors, snapshots etc. using dmeventd or progress polling...
         Starting Monitoring of LVM2 mirrors... dmeventd or progress polling...
[   21.952578] systemd[1]: Set up automount Arbitrary Executable File Formats File System Automount Point.
[[0;32m  OK  [0m] Set up automount Arbitrary Executab...ats File System Automount Point.
[   21.992536] random: nonblocking pool is initialized
[   22.018985] systemd[1]: Starting Nameserver information manager...
         Starting Nameserver information manager...
[   22.042760] systemd[1]: Listening on LVM2 poll daemon socket.
[[0;32m  OK  [0m] Listening on LVM2 poll daemon socket.
[   22.057689] systemd[1]: Mounting POSIX Message Queue File System...
         Mounting POSIX Message Queue File System...
[   22.106605] systemd[1]: Mounting Huge Pages File System...
         Mounting Huge Pages File System...
[   22.193544] systemd[1]: Listening on udev Control Socket.
[[0;32m  OK  [0m] Listening on udev Control Socket.
[   22.197929] systemd[1]: Listening on Journal Socket (/dev/log).
[[0;32m  OK  [0m] Listening on Journal Socket (/dev/log).
[   22.314563] systemd[1]: Starting Journal Service...
         Starting Journal Service...
[   22.354975] systemd[1]: Starting Remount Root and Kernel File Systems...
[   22.357274] EXT4-fs (sda1): re-mounted. Opts: (null)
         Starting Remount Root and Kernel File Systems...
[   22.439432] systemd[1]: Mounted POSIX Message Queue File System.
[[0;32m  OK  [0m] Mounted POSIX Message Queue File System.
[   22.598719] systemd[1]: Mounted Debug File System.
[[0;32m  OK  [0m] Mounted Debug File System.
[   22.646609] systemd[1]: Mounted Huge Pages File System.
[[0;32m  OK  [0m] Mounted Huge Pages File System.
[   22.689266] systemd[1]: Started Journal Service.
[[0;32m  OK  [0m] Started Journal Service.
[[0;32m  OK  [0m] Started Load Kernel Modules.
[[0;32m  OK  [0m] Started Set console keymap.
[[0;32m  OK  [0m] Started Uncomplicated firewall.
[[0;32m  OK  [0m] Started Create list of required sta...ce nodes for the current kernel.
[[0;32m  OK  [0m] Started Remount Root and Kernel File Systems.
[[0;32m  OK  [0m] Started Nameserver information manager.
[[0;32m  OK  [0m] Started LVM2 metadata daemon.
         Starting udev Coldplug all Devices...
         Starting Load/Save Random Seed...
         Starting Initial cloud-init job (pre-networking)...
         Starting Create Static Device Nodes in /dev...
         Mounting FUSE Control File System...
         Starting Apply Kernel Variables...
         Starting Flush Journal to Persistent Storage...
[[0;32m  OK  [0m] Mounted FUSE Control File System.
[[0;32m  OK  [0m] Started Monitoring of LVM2 mirrors,...ng dmeventd or progress polling.
[[0;32m  OK  [0m] Started Load/Save Random Seed.
[[0;32m  OK  [0m] Started Create Static Device Nodes in /dev.
[[0;32m  OK  [0m] Started Apply Kernel Variables.
[[0;32m  OK  [0m] Started udev Coldplug all Devices.
[[0;32m  OK  [0m] Started Flush Journal to Persistent Storage.
         Starting udev Kernel Device Manager...
[[0;32m  OK  [0m] Started udev Kernel Device Manager.
[[0;32m  OK  [0m] Started Dispatch Password Requests to Console Directory Watch.
[[0;32m  OK  [0m] Reached target Local File Systems (Pre).
[[0;32m  OK  [0m] Reached target Local File Systems.
         Starting Create Volatile Files and Directories...
         Starting LSB: AppArmor initialization...
         Starting Set console font and keymap...
         Starting Commit a transient machine-id on disk...
         Starting Tell Plymouth To Write Out Runtime Data...
[[0;32m  OK  [0m] Started Create Volatile Files and Directories.
[[0;32m  OK  [0m] Started Tell Plymouth To Write Out Runtime Data.
[[0;32m  OK  [0m] Started Commit a transient machine-id on disk.
         Starting Update UTMP about System Boot/Shutdown...
[[0;32m  OK  [0m] Reached target System Time Synchronized.
[[0;32m  OK  [0m] Started Update UTMP about System Boot/Shutdown.
[[0;32m  OK  [0m] Found device /dev/ttyS0.
[[0;32m  OK  [0m] Started Set console font and keymap.
[[0;32m  OK  [0m] Created slice system-getty.slice.
[   17.275466] cloud-init[451]: Cloud-init v. 0.7.9 running 'init-local' at Fri, 02 Jun 2017 03:14:28 +0000. Up 16.91 seconds.
[[0;32m  OK  [0m] Listening on Load/Save RF Kill Switch Status /dev/rfkill Watch.
[[0;32m  OK  [0m] Started Initial cloud-init job (pre-networking).
[[0;32m  OK  [0m] Started LSB: AppArmor initialization.
[[0;32m  OK  [0m] Reached target Network (Pre).
         Starting Raise network interfaces...
[[0;32m  OK  [0m] Started Raise network interfaces.
[[0;32m  OK  [0m] Reached target Network.
         Starting Initial cloud-init job (metadata service crawler)...
[   20.823196] cloud-init[948]: Cloud-init v. 0.7.9 running 'init' at Fri, 02 Jun 2017 03:14:31 +0000. Up 20.28 seconds.
[   20.852686] cloud-init[948]: ci-info: +++++++++++++++++++++++++++++++++++++Net device info++++++++++++++++++++++++++++++++++++++
[   20.908291] cloud-init[948]: ci-info: +--------+-------+---------------------------+---------------+-------+-------------------+
[   20.908501] cloud-init[948]: ci-info: | Device |   Up  |          Address          |      Mask     | Scope |     Hw-Address    |
[[0;32m  OK  [0m] Started Initial cloud-init job (metadata service crawler).
[   20.908579] cloud-init[948]: ci-info: +--------+-------+---------------------------+---------------+-------+-------------------+
[   21.115742] cloud-init[948]: ci-info: | enp0s8 | False |             .             |       .       |   .   | 08:00:27:3d:40:05 |
[   21.116075] cloud-init[948]: ci-info: | enp0s3 |  True |         10.0.2.15         | 255.255.255.0 |   .   | 02:07:98:91:28:34 |
[   21.116166] cloud-init[948]: ci-info: | enp0s3 |  True | fe80::7:98ff:fe91:2834/64 |       .       |  link | 02:07:98:91:28:34 |
[[0;32m  OK  [0m] Reached target System Initialization.
[   21.116212] cloud-init[948]: ci-info: |   lo   |  True |         127.0.0.1         |   255.0.0.0   |   .   |         .         |
[   21.344639] cloud-init[948]: ci-info: |   lo   |  True |          ::1/128          |       .       |  host |         .         |
[   21.344908] cloud-init[948]: ci-info: +--------+-------+---------------------------+---------------+-------+-------------------+
[[0;32m  OK  [0m] Started Timer to automatically refresh installed snaps.
         [   21.344989] Starting Socket activation for snappy daemon.cloud-init
[948]: ci-info: +++++++++++++++++++++++++++Route IPv4 info++++++++++++++++++++++++++++
[   21.572398] cloud-init[948]: ci-info: +-------+-------------+----------+---------------+-----------+-------+
[   21.572610] cloud-init[948]: ci-info: | Route | Destination | Gateway  |    Genmask    | Interface | Flags |
[[0;32m  OK  [0m] Started Daily Cleanup of Temporary Directories.
[[   21.572715] cloud-init[948]: ci-info: +-------+-------------+----------+---------------+-----------+-------+
[   21.727898] cloud-init[948]: ci-info: |   0   |   0.0.0.0   | 10.0.2.2 |    0.0.0.0    |   enp0s3  |   UG  |
[0;32m  OK  [0m] Started Daily apt activities.
[   21.727992] cloud-init[948]: ci-info: |   1   |   10.0.2.0  | 0.0.0.0  | 255.255.255.0 |   enp0s3  |   U   |
[   21.799647] cloud-init[948]: ci-info: +-------+-------------+----------+---------------+-----------+-------+
[[0;32m  OK  [0m] Reached target Timers.
[   21.799784] cloud-init[948]: Generating public/private rsa key pair.
[   21.890578] cloud-init[948]: Your identification has been saved in /etc/ssh/ssh_host_rsa_key.
[[0;32m  OK  [0m] Listening on UUID daemon activation socket.
[   21.890665] cloud-init[948]: Your public key has been saved in /etc/ssh/ssh_host_rsa_key.pub.
[   22.062234] cloud-init[948]: The key fingerprint is:
[   22.062464] cloud-init[948]: SHA256:HLv6Fv6tqOIrMQUxD5Dc7qBR/6HgN/Dqzw/QiDEXPOE root@ubuntu-xenial
[   22.062557] cloud-init[948]: The key's randomart image is:
[   22.062658] cloud-init[948]: +---[RSA 2048]----+
[   22.062767] cloud-init[948]: |o+Bo             |
[   22.062863] cloud-init[948]: |.o=*             |
[   22.063075] cloud-init[948]: |o.E+.   .        |
[   22.063161] cloud-init[948]: |.*o+o .. o       |
[   22.063257] cloud-init[948]: |oo==.o .S        |
[[0;32m  OK  [0m] Started ACPI Events Check.
[   22.063403] cloud-init[948]: |. +o= . ..       |
[   22.160856] cloud-init[948]: |   =.. ...       |
[[0;32m  OK  [0m] Reached target Paths.
[[   22.160928] cloud-init[948]: |  o... .o. .     |
[   22.254059] cloud-init[948]: | ..+=+++o.o..    |
[0;32m  OK  [0m] Listening on ACPID Listen Socket.
[   22.254154] cloud-init[948]: +----[SHA256]-----+
[   22.376442] cloud-init[948]: Generating public/private dsa key pair.
[   22.376661] cloud-init[948]: Your identification has been saved in /etc/ssh/ssh_host_dsa_key.
         Starting LXD - unix socket.
[   22.376764] cloud-init[948]: Your public key has been saved in /etc/ssh/ssh_host_dsa_key.pub.
[   22.454338] cloud-init[948]: The key fingerprint is:
[[0;32m  OK  [0m] Listening on D-Bus System Message Bus Socket.
[[   22.454431] cloud-init[948]: SHA256:Kq10x+4DIc5SH8Q6Z90w8ZSN0JHCnXxL8Uc7nqoVu4Y root@ubuntu-xenial
[   22.569049] cloud-init[948]: The key's randomart image is:
[0;32m  OK  [0m] Reached target Cloud-config availability.
[   22.569100] cloud-init[948]: +---[DSA 1024]----+
[   22.701256] cloud-init[948]: |     . .o*oB..  .|
[[0;32m  OK  [0m] Reached target Network is Online.
[   22.701409] cloud-init[948]: |      o =oO +. ..|
[   22.798453] cloud-init[948]: |     o . =.o ..o.|
[   22.828717] cloud-init[948]: |    = = . . . ..o|
[   22.828993] cloud-init[948]: |   + * oS    . o |
         Starting iSCSI initiator daemon (iscsid)...
[   22.829108] cloud-init[948]: |  . o.oo      +  |
[   22.936570] cloud-init[948]: |   .o +.o   .+   |
[   22.936824] cloud-init[948]: |   . + o.  Eo..  |
[[0;32m  OK  [0m] Listening on Socket activation for snappy daemon.
[   22.936907] cloud-init[948]: |    .  .o. ...   |
[   22.945270] cloud-init[948]: +----[SHA256]-----+
[[0;32m  OK  [0m] Listening on LXD - unix socket.
[   22.945368] cloud-init[948]: Generating public/private ecdsa key pair.
[   23.020356] cloud-init[948]: Your identification has been saved in /etc/ssh/ssh_host_ecdsa_key.
[   23.020681] cloud-init[948]: Your public key has been saved in /etc/ssh/ssh_host_ecdsa_key.pub.
[[0;32m  OK  [0m] Reached target Sockets.
[[   23.020822] cloud-init[948]: The key fingerprint is:
[   23.097101] cloud-init[948]: SHA256:yVK6a+HAxRwXK3AjtVFIhWE2mCdda8Z8k98jU6eGk6o root@ubuntu-xenial
[0;32m  OK  [0m] Reached target Basic System.
[   23.097202] cloud-init[948]: The key's randomart image is:
[   23.140748] cloud-init[948]: +---[ECDSA 256]---+
[   23.149202] cloud-init[948]: |    o*@B=.       |
[   23.184522] cloud-init[948]: |    +**B.o .     |
         Starting LSB: MD monitoring daemon...
[[0;32m  OK  [0m] Started Unattended Upgrades Shutdown.
[   23.219464] cloud-init[948]: |     =ooO +   . .|
[   23.304209]          cloud-initStarting LSB: Record successful boot for GRUB...[948]: 
|      +B o o = o |
[   23.341396] [cloud-init[0;32m  OK  [0m[948]: ] |   . .o S   B =  |Started D-Bus System Message Bus.

[   23.341766] cloud-init[948]: |    o .o   . = . |
[   23.385489]          cloud-initStarting Accounts Service...[948]: 
|     o..  .      |
[   23.400221] [cloud-init[0;32m  OK  [0m[948]: ] |      o. .       |Started Deferred execution scheduler.

[   23.400721] cloud-init[948]: |     .. E        |
[   23.496884]          cloud-initStarting Apply the settings specified in cloud-config...[948]: 
+----[SHA256]-----+
[   23.532480] [cloud-init[0;32m  OK  [0m[948]: ] Generating public/private ed25519 key pair.Started ACPI event daemon.

[   23.533104] cloud-init[948]: Your identification has been saved in /etc/ssh/ssh_host_ed25519_key.
[   23.592134] [cloud-init[0;32m  OK  [0m[948]: ] Your public key has been saved in /etc/ssh/ssh_host_ed25519_key.pub.Started Regular background program processing daemon.

[   23.603529]          cloud-initStarting LXD - container startup/shutdown...[948]: 
The key fingerprint is:
[   23.628493]          cloud-initStarting System Logging Service...[948]: 
SHA256:9Ywl02yFug7NrqTRq2MoW0mAQ/0sb8PtSsEBjUlvODg root@ubuntu-xenial
[   23.648375]          cloud-initStarting /etc/rc.local Compatibility...[948]: 
The key's randomart image is:
[   23.668607]          cloud-initStarting Login Service...[948]: 
+--[ED25519 256]--+
[   23.693757]          cloud-initStarting Pollinate to seed the pseudo random number generator...[948]: 
| .oo+        ..  |
[[0;32m  OK  [0m] Started FUSE filesystem for LXC.
[   23.705456] cloud-init[948]: |...++.     o..   |
[   23.750726] [cloud-init[0;32m  OK  [0m[948]: ] |oE.oo+    +.=    |Started Snappy daemon.

[   23.751080] cloud-init[948]: | ..o+o.  ..O     |
[   23.788850]          cloud-initStarting Auto import assertions from block devices...[948]: 
|    =o. So..o    |
[   23.824309] [cloud-init[0;32m  OK  [0m[948]: ] |   . *.o. +      |Started System Logging Service.

[   23.824692] [cloud-init[0;32m  OK  [0m[948]: ] |    +o+ o+       |Started iSCSI initiator daemon (iscsid).

[   23.882645] [cloud-init[0;32m  OK  [0m[948]: ] |  ..o o= .o      |Started LXD - container startup/shutdown.

[   23.883196] cloud-init[948]: |  .o o+oo.       |
[[0;32m  OK  [0m] Started /etc/rc.local Compatibility.
[   23.918587] cloud-init[948]: +----[SHA256]-----+
[[0;32m  OK  [0m] Started Auto import assertions from block devices.
[   23.980609] cloud-init[1066]: Generating locales (this might take a while)...
[[0;32m  OK  [0m] Started LSB: MD monitoring daemon.
[[0;32m  OK  [0m] Started LSB: Record successful boot for GRUB.
         Starting Authenticate and Authorize Users to Run Privileged Tasks...
         Starting Login to default iSCSI targets...
[[0;32m  OK  [0m] Started Login Service.
[[0;32m  OK  [0m] Started Authenticate and Authorize Users to Run Privileged Tasks.
[[0;32m  OK  [0m] Started Accounts Service.
[[0;32m  OK  [0m] Started Login to default iSCSI targets.
[[0;32m  OK  [0m] Reached target Remote File Systems (Pre).
[[0;32m  OK  [0m] Reached target Remote File Systems.
         Starting Permit User Sessions...
         Starting LSB: Set the CPU Frequency Scaling governor to "ondemand"...
         Starting LSB: daemon to balance interrupts for SMP systems...
         Starting LSB: VirtualBox Linux Additions...
         Starting LSB: automatic crash report generation...
[[0;32m  OK  [0m] Started Pollinate to seed the pseudo random number generator.
[[0;32m  OK  [0m] Started Permit User Sessions.
[[0;32m  OK  [0m] Started LSB: Set the CPU Frequency Scaling governor to "ondemand".
[[0;32m  OK  [0m] Started LSB: daemon to balance interrupts for SMP systems.
         Starting Terminate Plymouth Boot Screen...
         Starting Hold until boot process finishes up...
         Starting OpenBSD Secure Shell server...
[[0;32m  OK  [0m] Started OpenBSD Secure Shell server.
[[0;32m  OK  [0m] Started LSB: VirtualBox Linux Additions.
[[0;32m  OK  [0m] Started Terminate Plymouth Boot Screen.
[[0;32m  OK  [0m] Started Hold until boot process finishes up.
[   24.771055] cloud-init[1066]:   en_US.UTF-8... done
[   24.788630] [[0;32m  OK  [0m] Started Getty on tty1.
cloud-init[1066]: [[0;32m  OK  [0m] Started Serial Getty on ttyS0.
[[0;32m  OK  [0m] Reached target Login Prompts.
         Starting Set console scheme...
Generation complete.
[[0;32m  OK  [0m] Started LSB: automatic crash report generation.
[[0;32m  OK  [0m] Started Set console scheme.
[[0;32m  OK  [0m] Reached target Multi-User System.
[[0;32m  OK  [0m] Reached target Graphical Interface.
         Starting Update UTMP about System Runlevel Changes...
[[0;32m  OK  [0m] Started Update UTMP about System Runlevel Changes.
         Stopping OpenBSD Secure Shell server...
[[0;32m  OK  [0m] Stopped OpenBSD Secure Shell server.
         Starting OpenBSD Secure Shell server...
[[0;32m  OK  [0m] Started OpenBSD Secure Shell server.
[   25.313172] cloud-init[1066]: Cloud-init v. 0.7.9 running 'modules:config' at Fri, 02 Jun 2017 03:14:35 +0000. Up 23.78 seconds.
[[0;32m  OK  [0m] Started Apply the settings specified in cloud-config.
         Starting Execute cloud user/final scripts...
ci-info: no authorized ssh keys fingerprints found for user ubuntu.
<14>Jun  2 03:14:37 ec2: 
<14>Jun  2 03:14:37 ec2: #############################################################
<14>Jun  2 03:14:37 ec2: -----BEGIN SSH HOST KEY FINGERPRINTS-----
<14>Jun  2 03:14:37 ec2: 1024 SHA256:Kq10x+4DIc5SH8Q6Z90w8ZSN0JHCnXxL8Uc7nqoVu4Y root@ubuntu-xenial (DSA)
<14>Jun  2 03:14:37 ec2: 256 SHA256:yVK6a+HAxRwXK3AjtVFIhWE2mCdda8Z8k98jU6eGk6o root@ubuntu-xenial (ECDSA)
<14>Jun  2 03:14:37 ec2: 256 SHA256:9Ywl02yFug7NrqTRq2MoW0mAQ/0sb8PtSsEBjUlvODg root@ubuntu-xenial (ED25519)
<14>Jun  2 03:14:37 ec2: 2048 SHA256:HLv6Fv6tqOIrMQUxD5Dc7qBR/6HgN/Dqzw/QiDEXPOE root@ubuntu-xenial (RSA)
<14>Jun  2 03:14:37 ec2: -----END SSH HOST KEY FINGERPRINTS-----
<14>Jun  2 03:14:37 ec2: #############################################################
-----BEGIN SSH HOST KEY KEYS-----
ecdsa-sha2-nistp256 AAAAE2VjZHNhLXNoYTItbmlzdHAyNTYAAAAIbmlzdHAyNTYAAABBBLVOkf8D6LtUeJiYi9C8k33rPjHyISoYZhVZ9Zyb7u3kccIGHm92WI+mqm619SRExCtePRlUAPDMFojXaJxPFXE= root@ubuntu-xenial
ssh-ed25519 AAAAC3NzaC1lZDI1NTE5AAAAIBHNIsB4esFp1Ndxy6A6HTHorznSk7qZEgcx+Yh8RUdm root@ubuntu-xenial
ssh-rsa AAAAB3NzaC1yc2EAAAADAQABAAABAQDNPjNiS1XoMJIpZOo1qJhZjaOXZqlDNKxrPpnALQ8vckqvwuVBo5R4f8XGot3Ae6tmP0VlbyNMZadVin2wEdOv7cGkIH/+GXppXslYFp6++I6PIb9La3A9lmclF4M17CxGUJe0ukFC/91A/N4MlirUC9eDBom2c7nka6nXwWE/yqAolnSWtjQIcWnuNdE2D4yVp2LK1UaY6N28r7UjQEIP9m7hahLiH6SeD+DVPlzcedGX5zVYYVCiDkz9o6qARFko+Mqs5q+mrDz9in7nxzJmPSRleYmdlTsBYt8KSY3BX/CN/aVG0PeED9+p3L4C8xJYGeONGGf/dpfJtfh/5MWn root@ubuntu-xenial
-----END SSH HOST KEY KEYS-----
[   25.980299] cloud-init[1314]: Cloud-init v. 0.7.9 running 'modules:final' at Fri, 02 Jun 2017 03:14:37 +0000. Up 25.60 seconds.
[   26.088802] cloud-init[1314]: ci-info: no authorized ssh keys fingerprints found for user ubuntu.
[   26.089010] cloud-init[1314]: Cloud-init v. 0.7.9 finished at Fri, 02 Jun 2017 03:14:37 +0000. Datasource DataSourceNoCloud [seed=/dev/sdb][dsmode=net].  Up 25.97 seconds
[[0;32m  OK  [0m] Started Execute cloud user/final scripts.
[[0;32m  OK  [0m] Reached target Cloud-init target.

Ubuntu 16.04.2 LTS ubuntu-xenial ttyS0

ubuntu-xenial login: 